{"uuid":"1589dd15-e44c-4c25-9b15-c2a062ea5f04","historyId":"8ba75b7f72a23316fa1775c50c59f2b4","fullName":"org.ATBSelenium.tests.VWO.VWO_PopertyReader.test_negative_vwo_login","labels":[{"name":"package","value":"org.ATBSelenium.tests.VWO.VWO_PopertyReader"},{"name":"testClass","value":"org.ATBSelenium.tests.VWO.VWO_PopertyReader"},{"name":"testMethod","value":"test_negative_vwo_login"},{"name":"parentSuite","value":"Default Suite"},{"name":"suite","value":"ATB9XSeleniumFramewrork"},{"name":"subSuite","value":"org.ATBSelenium.tests.VWO.VWO_PopertyReader"},{"name":"host","value":"LAPTOP-RGO8VE7Q"},{"name":"thread","value":"12984@LAPTOP-RGO8VE7Q.main(1)"},{"name":"framework","value":"testng"},{"name":"language","value":"java"}],"links":[],"name":"test_negative_vwo_login","status":"broken","statusDetails":{"known":false,"muted":false,"flaky":false,"message":"java.io.FileNotFoundException: C:\\Users\\Navaneeth H K\\IdeaProjects\\ATB9XSeleniumFramewrork\\src\\main\\resources\\data.properties (The system cannot find the path specified)","trace":"java.lang.RuntimeException: java.io.FileNotFoundException: C:\\Users\\Navaneeth H K\\IdeaProjects\\ATB9XSeleniumFramewrork\\src\\main\\resources\\data.properties (The system cannot find the path specified)\r\n\tat org.ATBSelenium.utils.PropertiesReader.readKey(PropertiesReader.java:17)\r\n\tat org.ATBSelenium.tests.VWO.VWO_PopertyReader.test_negative_vwo_login(VWO_PopertyReader.java:26)\r\n\tat java.base/jdk.internal.reflect.DirectMethodHandleAccessor.invoke(DirectMethodHandleAccessor.java:103)\r\n\tat java.base/java.lang.reflect.Method.invoke(Method.java:580)\r\n\tat org.testng.internal.invokers.MethodInvocationHelper.invokeMethod(MethodInvocationHelper.java:139)\r\n\tat org.testng.internal.invokers.TestInvoker.invokeMethod(TestInvoker.java:664)\r\n\tat org.testng.internal.invokers.TestInvoker.invokeTestMethod(TestInvoker.java:228)\r\n\tat org.testng.internal.invokers.MethodRunner.runInSequence(MethodRunner.java:63)\r\n\tat org.testng.internal.invokers.TestInvoker$MethodInvocationAgent.invoke(TestInvoker.java:961)\r\n\tat org.testng.internal.invokers.TestInvoker.invokeTestMethods(TestInvoker.java:201)\r\n\tat org.testng.internal.invokers.TestMethodWorker.invokeTestMethods(TestMethodWorker.java:148)\r\n\tat org.testng.internal.invokers.TestMethodWorker.run(TestMethodWorker.java:128)\r\n\tat java.base/java.util.ArrayList.forEach(ArrayList.java:1597)\r\n\tat org.testng.TestRunner.privateRun(TestRunner.java:819)\r\n\tat org.testng.TestRunner.run(TestRunner.java:619)\r\n\tat org.testng.SuiteRunner.runTest(SuiteRunner.java:443)\r\n\tat org.testng.SuiteRunner.runSequentially(SuiteRunner.java:437)\r\n\tat org.testng.SuiteRunner.privateRun(SuiteRunner.java:397)\r\n\tat org.testng.SuiteRunner.run(SuiteRunner.java:336)\r\n\tat org.testng.SuiteRunnerWorker.runSuite(SuiteRunnerWorker.java:52)\r\n\tat org.testng.SuiteRunnerWorker.run(SuiteRunnerWorker.java:95)\r\n\tat org.testng.TestNG.runSuitesSequentially(TestNG.java:1301)\r\n\tat org.testng.TestNG.runSuitesLocally(TestNG.java:1228)\r\n\tat org.testng.TestNG.runSuites(TestNG.java:1134)\r\n\tat org.testng.TestNG.run(TestNG.java:1101)\r\n\tat com.intellij.rt.testng.IDEARemoteTestNG.run(IDEARemoteTestNG.java:65)\r\n\tat com.intellij.rt.testng.RemoteTestNGStarter.main(RemoteTestNGStarter.java:105)\r\nCaused by: java.io.FileNotFoundException: C:\\Users\\Navaneeth H K\\IdeaProjects\\ATB9XSeleniumFramewrork\\src\\main\\resources\\data.properties (The system cannot find the path specified)\r\n\tat java.base/java.io.FileInputStream.open0(Native Method)\r\n\tat java.base/java.io.FileInputStream.open(FileInputStream.java:219)\r\n\tat java.base/java.io.FileInputStream.<init>(FileInputStream.java:159)\r\n\tat java.base/java.io.FileInputStream.<init>(FileInputStream.java:112)\r\n\tat org.ATBSelenium.utils.PropertiesReader.readKey(PropertiesReader.java:12)\r\n\t... 26 more\r\n"},"stage":"finished","description":"Verify that with invalid email, pass, error message is shown on the app.vwo.com","steps":[],"attachments":[],"parameters":[],"start":1739503063982,"stop":1739503071155}